0 info it worked if it ends with ok
1 verbose cli [ 'C:\\Program Files\\nodejs\\node.exe',
1 verbose cli   'C:\\Program Files\\nodejs\\node_modules\\npm\\bin\\npm-cli.js',
1 verbose cli   'start' ]
2 info using npm@3.10.8
3 info using node@v6.9.1
4 verbose run-script [ 'prestart', 'start', 'poststart' ]
5 info lifecycle funding-redux-starter@1.0.0~prestart: funding-redux-starter@1.0.0
6 verbose lifecycle funding-redux-starter@1.0.0~prestart: unsafe-perm in lifecycle true
7 verbose lifecycle funding-redux-starter@1.0.0~prestart: PATH: C:\Program Files\nodejs\node_modules\npm\bin\node-gyp-bin;D:\2nt\Project\reactjs-fd\node_modules\.bin;D:\app\DANG\product\11.2.0\dbhome_1\bin;C:\ProgramData\Oracle\Java\javapath;C:\WINDOWS\system32;C:\WINDOWS;C:\WINDOWS\System32\Wbem;C:\WINDOWS\System32\WindowsPowerShell\v1.0\;C:\Program Files\Microsoft SQL Server\110\Tools\Binn\;C:\play-2.5.4\bin;C:\Program Files (x86)\scala\bin;C:\Program Files\Java\jdk1.8.0_51\bin;C:\Program Files (x86)\sbt\\bin;C:\Program Files\MongoDB\Server\3.2\bin;C:\Program Files\Git\cmd;C:\Program Files\nodejs\;C:\Users\DANG\AppData\Roaming\npm
8 verbose lifecycle funding-redux-starter@1.0.0~prestart: CWD: D:\2nt\Project\reactjs-fd
9 silly lifecycle funding-redux-starter@1.0.0~prestart: Args: [ '/d /s /c', 'babel-node tools/startMessage.js' ]
10 silly lifecycle funding-redux-starter@1.0.0~prestart: Returned: code: 0  signal: null
11 info lifecycle funding-redux-starter@1.0.0~start: funding-redux-starter@1.0.0
12 verbose lifecycle funding-redux-starter@1.0.0~start: unsafe-perm in lifecycle true
13 verbose lifecycle funding-redux-starter@1.0.0~start: PATH: C:\Program Files\nodejs\node_modules\npm\bin\node-gyp-bin;D:\2nt\Project\reactjs-fd\node_modules\.bin;D:\app\DANG\product\11.2.0\dbhome_1\bin;C:\ProgramData\Oracle\Java\javapath;C:\WINDOWS\system32;C:\WINDOWS;C:\WINDOWS\System32\Wbem;C:\WINDOWS\System32\WindowsPowerShell\v1.0\;C:\Program Files\Microsoft SQL Server\110\Tools\Binn\;C:\play-2.5.4\bin;C:\Program Files (x86)\scala\bin;C:\Program Files\Java\jdk1.8.0_51\bin;C:\Program Files (x86)\sbt\\bin;C:\Program Files\MongoDB\Server\3.2\bin;C:\Program Files\Git\cmd;C:\Program Files\nodejs\;C:\Users\DANG\AppData\Roaming\npm
14 verbose lifecycle funding-redux-starter@1.0.0~start: CWD: D:\2nt\Project\reactjs-fd
15 silly lifecycle funding-redux-starter@1.0.0~start: Args: [ '/d /s /c',
15 silly lifecycle   'npm-run-all --parallel test:watch open:src lint:watch' ]
16 silly lifecycle funding-redux-starter@1.0.0~start: Returned: code: 1  signal: null
17 info lifecycle funding-redux-starter@1.0.0~start: Failed to exec start script
18 verbose stack Error: funding-redux-starter@1.0.0 start: `npm-run-all --parallel test:watch open:src lint:watch`
18 verbose stack Exit status 1
18 verbose stack     at EventEmitter.<anonymous> (C:\Program Files\nodejs\node_modules\npm\lib\utils\lifecycle.js:255:16)
18 verbose stack     at emitTwo (events.js:106:13)
18 verbose stack     at EventEmitter.emit (events.js:191:7)
18 verbose stack     at ChildProcess.<anonymous> (C:\Program Files\nodejs\node_modules\npm\lib\utils\spawn.js:40:14)
18 verbose stack     at emitTwo (events.js:106:13)
18 verbose stack     at ChildProcess.emit (events.js:191:7)
18 verbose stack     at maybeClose (internal/child_process.js:877:16)
18 verbose stack     at Process.ChildProcess._handle.onexit (internal/child_process.js:226:5)
19 verbose pkgid funding-redux-starter@1.0.0
20 verbose cwd D:\2nt\Project\reactjs-fd
21 error Windows_NT 10.0.14393
22 error argv "C:\\Program Files\\nodejs\\node.exe" "C:\\Program Files\\nodejs\\node_modules\\npm\\bin\\npm-cli.js" "start"
23 error node v6.9.1
24 error npm  v3.10.8
25 error code ELIFECYCLE
26 error funding-redux-starter@1.0.0 start: `npm-run-all --parallel test:watch open:src lint:watch`
26 error Exit status 1
27 error Failed at the funding-redux-starter@1.0.0 start script 'npm-run-all --parallel test:watch open:src lint:watch'.
27 error Make sure you have the latest version of node.js and npm installed.
27 error If you do, this is most likely a problem with the funding-redux-starter package,
27 error not with npm itself.
27 error Tell the author that this fails on your system:
27 error     npm-run-all --parallel test:watch open:src lint:watch
27 error You can get information on how to open an issue for this project with:
27 error     npm bugs funding-redux-starter
27 error Or if that isn't available, you can get their info via:
27 error     npm owner ls funding-redux-starter
27 error There is likely additional logging output above.
28 verbose exit [ 1, true ]
